<?xml version="1.0" encoding="UTF-8"?>
<!-- Generated by org.testng.reporters.JUnitXMLReporter -->
<testsuite ignored="0" hostname="MacBookAir" failures="0" tests="24" name="EngineerTests" time="0.047" errors="0" timestamp="2025-11-05T19:24:35 CET">
  <testcase classname="people.testng.AutomatedEngineerTestNGTest" name="testGetAge" time="0.001"/>
  <testcase classname="people.testng.AutomatedEngineerTestNGTest" name="testGetExperience" time="0.0"/>
  <testcase classname="people.testng.AutomatedEngineerTestNGTest" name="testGetSkill" time="0.0"/>
  <testcase classname="people.testng.AutomatedEngineerTestNGTest" name="testSetAge" time="0.0"/>
  <testcase classname="people.testng.AutomatedEngineerTestNGTest" name="testSetExperience" time="0.0"/>
  <testcase classname="people.testng.AutomatedEngineerTestNGTest" name="testSetSkill" time="0.0"/>
  <testcase classname="people.testng.ManualEngineerTestNGTest" name="testGetAge" time="0.0"/>
  <testcase classname="people.testng.ManualEngineerTestNGTest" name="testGetExperience" time="0.0"/>
  <testcase classname="people.testng.ManualEngineerTestNGTest" name="testGetSkill" time="0.0"/>
  <testcase classname="people.testng.ManualEngineerTestNGTest" name="testSetAge" time="0.001"/>
  <testcase classname="people.testng.ManualEngineerTestNGTest" name="testSetExperience" time="0.0"/>
  <testcase classname="people.testng.ManualEngineerTestNGTest" name="testSetSkill" time="0.0"/>
  <testcase classname="people.testng.ParameterizedEngineersTestNG" name="testAgeGetter" time="0.009"/>
  <testcase classname="people.testng.ParameterizedEngineersTestNG" name="testAgeGetter" time="0.0"/>
  <testcase classname="people.testng.ParameterizedEngineersTestNG" name="testExperienceGetter" time="0.0"/>
  <testcase classname="people.testng.ParameterizedEngineersTestNG" name="testExperienceGetter" time="0.0"/>
  <testcase classname="people.testng.ParameterizedEngineersTestNG" name="testSetAge" time="0.0"/>
  <testcase classname="people.testng.ParameterizedEngineersTestNG" name="testSetAge" time="0.0"/>
  <testcase classname="people.testng.ParameterizedEngineersTestNG" name="testSetExperience" time="0.0"/>
  <testcase classname="people.testng.ParameterizedEngineersTestNG" name="testSetExperience" time="0.0"/>
  <testcase classname="people.testng.ParameterizedEngineersTestNG" name="testSetSkill" time="0.0"/>
  <testcase classname="people.testng.ParameterizedEngineersTestNG" name="testSetSkill" time="0.0"/>
  <testcase classname="people.testng.ParameterizedEngineersTestNG" name="testSkillCalculation" time="0.0"/>
  <testcase classname="people.testng.ParameterizedEngineersTestNG" name="testSkillCalculation" time="0.0"/>
</testsuite> <!-- EngineerTests -->
