<?xml version="1.0" encoding="UTF-8"?>
<testng-results ignored="0" total="24" passed="24" failed="0" skipped="0">
  <reporter-output>
  </reporter-output>
  <suite started-at="2025-11-05T19:24:35 CET" name="EngineerTestSuite" finished-at="2025-11-05T19:24:35 CET" duration-ms="47">
    <groups>
    </groups>
    <test started-at="2025-11-05T19:24:35 CET" name="EngineerTests" finished-at="2025-11-05T19:24:35 CET" duration-ms="47">
      <class name="people.testng.ManualEngineerTestNGTest">
        <test-method signature="testGetAge()[pri:0, instance:people.testng.ManualEngineerTestNGTest@78b729e6]" started-at="2025-11-05T19:24:35 CET" name="testGetAge" finished-at="2025-11-05T19:24:35 CET" duration-ms="0" status="PASS">
          <reporter-output>
          </reporter-output>
        </test-method> <!-- testGetAge -->
        <test-method is-config="true" signature="setEngineer()[pri:0, instance:people.testng.ManualEngineerTestNGTest@78b729e6]" started-at="2025-11-05T19:24:35 CET" name="setEngineer" finished-at="2025-11-05T19:24:35 CET" duration-ms="0" status="PASS">
          <reporter-output>
          </reporter-output>
        </test-method> <!-- setEngineer -->
        <test-method is-config="true" signature="setEngineer()[pri:0, instance:people.testng.ManualEngineerTestNGTest@78b729e6]" started-at="2025-11-05T19:24:35 CET" name="setEngineer" finished-at="2025-11-05T19:24:35 CET" duration-ms="1" status="PASS">
          <reporter-output>
          </reporter-output>
        </test-method> <!-- setEngineer -->
        <test-method signature="testGetSkill()[pri:0, instance:people.testng.ManualEngineerTestNGTest@78b729e6]" started-at="2025-11-05T19:24:35 CET" name="testGetSkill" finished-at="2025-11-05T19:24:35 CET" duration-ms="0" status="PASS">
          <reporter-output>
          </reporter-output>
        </test-method> <!-- testGetSkill -->
        <test-method signature="testSetAge()[pri:0, instance:people.testng.ManualEngineerTestNGTest@78b729e6]" started-at="2025-11-05T19:24:35 CET" name="testSetAge" finished-at="2025-11-05T19:24:35 CET" duration-ms="1" status="PASS">
          <reporter-output>
          </reporter-output>
        </test-method> <!-- testSetAge -->
        <test-method signature="testGetExperience()[pri:0, instance:people.testng.ManualEngineerTestNGTest@78b729e6]" started-at="2025-11-05T19:24:35 CET" name="testGetExperience" finished-at="2025-11-05T19:24:35 CET" duration-ms="0" status="PASS">
          <reporter-output>
          </reporter-output>
        </test-method> <!-- testGetExperience -->
        <test-method is-config="true" signature="setEngineer()[pri:0, instance:people.testng.ManualEngineerTestNGTest@78b729e6]" started-at="2025-11-05T19:24:35 CET" name="setEngineer" finished-at="2025-11-05T19:24:35 CET" duration-ms="0" status="PASS">
          <reporter-output>
          </reporter-output>
        </test-method> <!-- setEngineer -->
        <test-method is-config="true" signature="setEngineer()[pri:0, instance:people.testng.ManualEngineerTestNGTest@78b729e6]" started-at="2025-11-05T19:24:35 CET" name="setEngineer" finished-at="2025-11-05T19:24:35 CET" duration-ms="0" status="PASS">
          <reporter-output>
          </reporter-output>
        </test-method> <!-- setEngineer -->
        <test-method signature="testSetExperience()[pri:0, instance:people.testng.ManualEngineerTestNGTest@78b729e6]" started-at="2025-11-05T19:24:35 CET" name="testSetExperience" finished-at="2025-11-05T19:24:35 CET" duration-ms="0" status="PASS">
          <reporter-output>
          </reporter-output>
        </test-method> <!-- testSetExperience -->
        <test-method signature="testSetSkill()[pri:0, instance:people.testng.ManualEngineerTestNGTest@78b729e6]" started-at="2025-11-05T19:24:35 CET" name="testSetSkill" finished-at="2025-11-05T19:24:35 CET" duration-ms="0" status="PASS">
          <reporter-output>
          </reporter-output>
        </test-method> <!-- testSetSkill -->
        <test-method is-config="true" signature="setEngineer()[pri:0, instance:people.testng.ManualEngineerTestNGTest@78b729e6]" started-at="2025-11-05T19:24:35 CET" name="setEngineer" finished-at="2025-11-05T19:24:35 CET" duration-ms="0" status="PASS">
          <reporter-output>
          </reporter-output>
        </test-method> <!-- setEngineer -->
        <test-method is-config="true" signature="setEngineer()[pri:0, instance:people.testng.ManualEngineerTestNGTest@78b729e6]" started-at="2025-11-05T19:24:35 CET" name="setEngineer" finished-at="2025-11-05T19:24:35 CET" duration-ms="0" status="PASS">
          <reporter-output>
          </reporter-output>
        </test-method> <!-- setEngineer -->
      </class> <!-- people.testng.ManualEngineerTestNGTest -->
      <class name="people.testng.ParameterizedEngineersTestNG">
        <test-method signature="testAgeGetter(java.lang.Class,int,int,int)[pri:0, instance:people.testng.ParameterizedEngineersTestNG@6b4a4e18]" started-at="2025-11-05T19:24:35 CET" name="testAgeGetter" data-provider="engineers" finished-at="2025-11-05T19:24:35 CET" duration-ms="9" status="PASS">
          <params>
            <param index="0">
              <value>
                <![CDATA[class playground.essence.people.ManualEngineer]]>
              </value>
            </param>
            <param index="1">
              <value>
                <![CDATA[25]]>
              </value>
            </param>
            <param index="2">
              <value>
                <![CDATA[2]]>
              </value>
            </param>
            <param index="3">
              <value>
                <![CDATA[4]]>
              </value>
            </param>
          </params>
          <reporter-output>
          </reporter-output>
        </test-method> <!-- testAgeGetter -->
        <test-method is-config="true" signature="setUp()[pri:0, instance:people.testng.ParameterizedEngineersTestNG@6b4a4e18]" started-at="2025-11-05T19:24:35 CET" name="setUp" finished-at="2025-11-05T19:24:35 CET" duration-ms="0" status="PASS">
          <reporter-output>
          </reporter-output>
        </test-method> <!-- setUp -->
        <test-method signature="testAgeGetter(java.lang.Class,int,int,int)[pri:0, instance:people.testng.ParameterizedEngineersTestNG@6b4a4e18]" started-at="2025-11-05T19:24:35 CET" name="testAgeGetter" data-provider="engineers" finished-at="2025-11-05T19:24:35 CET" duration-ms="0" status="PASS">
          <params>
            <param index="0">
              <value>
                <![CDATA[class playground.essence.people.AutomatedEngineer]]>
              </value>
            </param>
            <param index="1">
              <value>
                <![CDATA[30]]>
              </value>
            </param>
            <param index="2">
              <value>
                <![CDATA[5]]>
              </value>
            </param>
            <param index="3">
              <value>
                <![CDATA[15]]>
              </value>
            </param>
          </params>
          <reporter-output>
          </reporter-output>
        </test-method> <!-- testAgeGetter -->
        <test-method is-config="true" signature="setUp()[pri:0, instance:people.testng.ParameterizedEngineersTestNG@6b4a4e18]" started-at="2025-11-05T19:24:35 CET" name="setUp" finished-at="2025-11-05T19:24:35 CET" duration-ms="0" status="PASS">
          <reporter-output>
          </reporter-output>
        </test-method> <!-- setUp -->
        <test-method signature="testExperienceGetter(java.lang.Class,int,int,int)[pri:0, instance:people.testng.ParameterizedEngineersTestNG@6b4a4e18]" started-at="2025-11-05T19:24:35 CET" name="testExperienceGetter" data-provider="engineers" finished-at="2025-11-05T19:24:35 CET" duration-ms="0" status="PASS">
          <params>
            <param index="0">
              <value>
                <![CDATA[class playground.essence.people.ManualEngineer]]>
              </value>
            </param>
            <param index="1">
              <value>
                <![CDATA[25]]>
              </value>
            </param>
            <param index="2">
              <value>
                <![CDATA[2]]>
              </value>
            </param>
            <param index="3">
              <value>
                <![CDATA[4]]>
              </value>
            </param>
          </params>
          <reporter-output>
          </reporter-output>
        </test-method> <!-- testExperienceGetter -->
        <test-method is-config="true" signature="setUp()[pri:0, instance:people.testng.ParameterizedEngineersTestNG@6b4a4e18]" started-at="2025-11-05T19:24:35 CET" name="setUp" finished-at="2025-11-05T19:24:35 CET" duration-ms="1" status="PASS">
          <reporter-output>
          </reporter-output>
        </test-method> <!-- setUp -->
        <test-method is-config="true" signature="setUp()[pri:0, instance:people.testng.ParameterizedEngineersTestNG@6b4a4e18]" started-at="2025-11-05T19:24:35 CET" name="setUp" finished-at="2025-11-05T19:24:35 CET" duration-ms="0" status="PASS">
          <reporter-output>
          </reporter-output>
        </test-method> <!-- setUp -->
        <test-method signature="testExperienceGetter(java.lang.Class,int,int,int)[pri:0, instance:people.testng.ParameterizedEngineersTestNG@6b4a4e18]" started-at="2025-11-05T19:24:35 CET" name="testExperienceGetter" data-provider="engineers" finished-at="2025-11-05T19:24:35 CET" duration-ms="0" status="PASS">
          <params>
            <param index="0">
              <value>
                <![CDATA[class playground.essence.people.AutomatedEngineer]]>
              </value>
            </param>
            <param index="1">
              <value>
                <![CDATA[30]]>
              </value>
            </param>
            <param index="2">
              <value>
                <![CDATA[5]]>
              </value>
            </param>
            <param index="3">
              <value>
                <![CDATA[15]]>
              </value>
            </param>
          </params>
          <reporter-output>
          </reporter-output>
        </test-method> <!-- testExperienceGetter -->
        <test-method signature="testSetAge(java.lang.Class,int,int,int)[pri:0, instance:people.testng.ParameterizedEngineersTestNG@6b4a4e18]" started-at="2025-11-05T19:24:35 CET" name="testSetAge" data-provider="engineers" finished-at="2025-11-05T19:24:35 CET" duration-ms="0" status="PASS">
          <params>
            <param index="0">
              <value>
                <![CDATA[class playground.essence.people.ManualEngineer]]>
              </value>
            </param>
            <param index="1">
              <value>
                <![CDATA[25]]>
              </value>
            </param>
            <param index="2">
              <value>
                <![CDATA[2]]>
              </value>
            </param>
            <param index="3">
              <value>
                <![CDATA[4]]>
              </value>
            </param>
          </params>
          <reporter-output>
          </reporter-output>
        </test-method> <!-- testSetAge -->
        <test-method is-config="true" signature="setUp()[pri:0, instance:people.testng.ParameterizedEngineersTestNG@6b4a4e18]" started-at="2025-11-05T19:24:35 CET" name="setUp" finished-at="2025-11-05T19:24:35 CET" duration-ms="1" status="PASS">
          <reporter-output>
          </reporter-output>
        </test-method> <!-- setUp -->
        <test-method is-config="true" signature="setUp()[pri:0, instance:people.testng.ParameterizedEngineersTestNG@6b4a4e18]" started-at="2025-11-05T19:24:35 CET" name="setUp" finished-at="2025-11-05T19:24:35 CET" duration-ms="0" status="PASS">
          <reporter-output>
          </reporter-output>
        </test-method> <!-- setUp -->
        <test-method signature="testSetExperience(java.lang.Class,int,int,int)[pri:0, instance:people.testng.ParameterizedEngineersTestNG@6b4a4e18]" started-at="2025-11-05T19:24:35 CET" name="testSetExperience" data-provider="engineers" finished-at="2025-11-05T19:24:35 CET" duration-ms="0" status="PASS">
          <params>
            <param index="0">
              <value>
                <![CDATA[class playground.essence.people.ManualEngineer]]>
              </value>
            </param>
            <param index="1">
              <value>
                <![CDATA[25]]>
              </value>
            </param>
            <param index="2">
              <value>
                <![CDATA[2]]>
              </value>
            </param>
            <param index="3">
              <value>
                <![CDATA[4]]>
              </value>
            </param>
          </params>
          <reporter-output>
          </reporter-output>
        </test-method> <!-- testSetExperience -->
        <test-method signature="testSetAge(java.lang.Class,int,int,int)[pri:0, instance:people.testng.ParameterizedEngineersTestNG@6b4a4e18]" started-at="2025-11-05T19:24:35 CET" name="testSetAge" data-provider="engineers" finished-at="2025-11-05T19:24:35 CET" duration-ms="0" status="PASS">
          <params>
            <param index="0">
              <value>
                <![CDATA[class playground.essence.people.AutomatedEngineer]]>
              </value>
            </param>
            <param index="1">
              <value>
                <![CDATA[30]]>
              </value>
            </param>
            <param index="2">
              <value>
                <![CDATA[5]]>
              </value>
            </param>
            <param index="3">
              <value>
                <![CDATA[15]]>
              </value>
            </param>
          </params>
          <reporter-output>
          </reporter-output>
        </test-method> <!-- testSetAge -->
        <test-method is-config="true" signature="setUp()[pri:0, instance:people.testng.ParameterizedEngineersTestNG@6b4a4e18]" started-at="2025-11-05T19:24:35 CET" name="setUp" finished-at="2025-11-05T19:24:35 CET" duration-ms="1" status="PASS">
          <reporter-output>
          </reporter-output>
        </test-method> <!-- setUp -->
        <test-method is-config="true" signature="setUp()[pri:0, instance:people.testng.ParameterizedEngineersTestNG@6b4a4e18]" started-at="2025-11-05T19:24:35 CET" name="setUp" finished-at="2025-11-05T19:24:35 CET" duration-ms="0" status="PASS">
          <reporter-output>
          </reporter-output>
        </test-method> <!-- setUp -->
        <test-method signature="testSetSkill(java.lang.Class,int,int,int)[pri:0, instance:people.testng.ParameterizedEngineersTestNG@6b4a4e18]" started-at="2025-11-05T19:24:35 CET" name="testSetSkill" data-provider="engineers" finished-at="2025-11-05T19:24:35 CET" duration-ms="0" status="PASS">
          <params>
            <param index="0">
              <value>
                <![CDATA[class playground.essence.people.ManualEngineer]]>
              </value>
            </param>
            <param index="1">
              <value>
                <![CDATA[25]]>
              </value>
            </param>
            <param index="2">
              <value>
                <![CDATA[2]]>
              </value>
            </param>
            <param index="3">
              <value>
                <![CDATA[4]]>
              </value>
            </param>
          </params>
          <reporter-output>
          </reporter-output>
        </test-method> <!-- testSetSkill -->
        <test-method signature="testSetExperience(java.lang.Class,int,int,int)[pri:0, instance:people.testng.ParameterizedEngineersTestNG@6b4a4e18]" started-at="2025-11-05T19:24:35 CET" name="testSetExperience" data-provider="engineers" finished-at="2025-11-05T19:24:35 CET" duration-ms="0" status="PASS">
          <params>
            <param index="0">
              <value>
                <![CDATA[class playground.essence.people.AutomatedEngineer]]>
              </value>
            </param>
            <param index="1">
              <value>
                <![CDATA[30]]>
              </value>
            </param>
            <param index="2">
              <value>
                <![CDATA[5]]>
              </value>
            </param>
            <param index="3">
              <value>
                <![CDATA[15]]>
              </value>
            </param>
          </params>
          <reporter-output>
          </reporter-output>
        </test-method> <!-- testSetExperience -->
        <test-method is-config="true" signature="setUp()[pri:0, instance:people.testng.ParameterizedEngineersTestNG@6b4a4e18]" started-at="2025-11-05T19:24:35 CET" name="setUp" finished-at="2025-11-05T19:24:35 CET" duration-ms="0" status="PASS">
          <reporter-output>
          </reporter-output>
        </test-method> <!-- setUp -->
        <test-method signature="testSetSkill(java.lang.Class,int,int,int)[pri:0, instance:people.testng.ParameterizedEngineersTestNG@6b4a4e18]" started-at="2025-11-05T19:24:35 CET" name="testSetSkill" data-provider="engineers" finished-at="2025-11-05T19:24:35 CET" duration-ms="0" status="PASS">
          <params>
            <param index="0">
              <value>
                <![CDATA[class playground.essence.people.AutomatedEngineer]]>
              </value>
            </param>
            <param index="1">
              <value>
                <![CDATA[30]]>
              </value>
            </param>
            <param index="2">
              <value>
                <![CDATA[5]]>
              </value>
            </param>
            <param index="3">
              <value>
                <![CDATA[15]]>
              </value>
            </param>
          </params>
          <reporter-output>
          </reporter-output>
        </test-method> <!-- testSetSkill -->
        <test-method is-config="true" signature="setUp()[pri:0, instance:people.testng.ParameterizedEngineersTestNG@6b4a4e18]" started-at="2025-11-05T19:24:35 CET" name="setUp" finished-at="2025-11-05T19:24:35 CET" duration-ms="0" status="PASS">
          <reporter-output>
          </reporter-output>
        </test-method> <!-- setUp -->
        <test-method is-config="true" signature="setUp()[pri:0, instance:people.testng.ParameterizedEngineersTestNG@6b4a4e18]" started-at="2025-11-05T19:24:35 CET" name="setUp" finished-at="2025-11-05T19:24:35 CET" duration-ms="0" status="PASS">
          <reporter-output>
          </reporter-output>
        </test-method> <!-- setUp -->
        <test-method signature="testSkillCalculation(java.lang.Class,int,int,int)[pri:0, instance:people.testng.ParameterizedEngineersTestNG@6b4a4e18]" started-at="2025-11-05T19:24:35 CET" name="testSkillCalculation" data-provider="engineers" finished-at="2025-11-05T19:24:35 CET" duration-ms="0" status="PASS">
          <params>
            <param index="0">
              <value>
                <![CDATA[class playground.essence.people.ManualEngineer]]>
              </value>
            </param>
            <param index="1">
              <value>
                <![CDATA[25]]>
              </value>
            </param>
            <param index="2">
              <value>
                <![CDATA[2]]>
              </value>
            </param>
            <param index="3">
              <value>
                <![CDATA[4]]>
              </value>
            </param>
          </params>
          <reporter-output>
          </reporter-output>
        </test-method> <!-- testSkillCalculation -->
        <test-method signature="testSkillCalculation(java.lang.Class,int,int,int)[pri:0, instance:people.testng.ParameterizedEngineersTestNG@6b4a4e18]" started-at="2025-11-05T19:24:35 CET" name="testSkillCalculation" data-provider="engineers" finished-at="2025-11-05T19:24:35 CET" duration-ms="0" status="PASS">
          <params>
            <param index="0">
              <value>
                <![CDATA[class playground.essence.people.AutomatedEngineer]]>
              </value>
            </param>
            <param index="1">
              <value>
                <![CDATA[30]]>
              </value>
            </param>
            <param index="2">
              <value>
                <![CDATA[5]]>
              </value>
            </param>
            <param index="3">
              <value>
                <![CDATA[15]]>
              </value>
            </param>
          </params>
          <reporter-output>
          </reporter-output>
        </test-method> <!-- testSkillCalculation -->
        <test-method is-config="true" signature="setUp()[pri:0, instance:people.testng.ParameterizedEngineersTestNG@6b4a4e18]" started-at="2025-11-05T19:24:35 CET" name="setUp" finished-at="2025-11-05T19:24:35 CET" duration-ms="0" status="PASS">
          <reporter-output>
          </reporter-output>
        </test-method> <!-- setUp -->
      </class> <!-- people.testng.ParameterizedEngineersTestNG -->
      <class name="people.testng.AutomatedEngineerTestNGTest">
        <test-method is-config="true" signature="setEngineer()[pri:0, instance:people.testng.AutomatedEngineerTestNGTest@1a84f40f]" started-at="2025-11-05T19:24:35 CET" name="setEngineer" finished-at="2025-11-05T19:24:35 CET" duration-ms="6" status="PASS">
          <reporter-output>
          </reporter-output>
        </test-method> <!-- setEngineer -->
        <test-method signature="testGetAge()[pri:0, instance:people.testng.AutomatedEngineerTestNGTest@1a84f40f]" started-at="2025-11-05T19:24:35 CET" name="testGetAge" finished-at="2025-11-05T19:24:35 CET" duration-ms="1" status="PASS">
          <reporter-output>
          </reporter-output>
        </test-method> <!-- testGetAge -->
        <test-method signature="testGetExperience()[pri:0, instance:people.testng.AutomatedEngineerTestNGTest@1a84f40f]" started-at="2025-11-05T19:24:35 CET" name="testGetExperience" finished-at="2025-11-05T19:24:35 CET" duration-ms="0" status="PASS">
          <reporter-output>
          </reporter-output>
        </test-method> <!-- testGetExperience -->
        <test-method is-config="true" signature="setEngineer()[pri:0, instance:people.testng.AutomatedEngineerTestNGTest@1a84f40f]" started-at="2025-11-05T19:24:35 CET" name="setEngineer" finished-at="2025-11-05T19:24:35 CET" duration-ms="1" status="PASS">
          <reporter-output>
          </reporter-output>
        </test-method> <!-- setEngineer -->
        <test-method is-config="true" signature="setEngineer()[pri:0, instance:people.testng.AutomatedEngineerTestNGTest@1a84f40f]" started-at="2025-11-05T19:24:35 CET" name="setEngineer" finished-at="2025-11-05T19:24:35 CET" duration-ms="0" status="PASS">
          <reporter-output>
          </reporter-output>
        </test-method> <!-- setEngineer -->
        <test-method signature="testSetAge()[pri:0, instance:people.testng.AutomatedEngineerTestNGTest@1a84f40f]" started-at="2025-11-05T19:24:35 CET" name="testSetAge" finished-at="2025-11-05T19:24:35 CET" duration-ms="0" status="PASS">
          <reporter-output>
          </reporter-output>
        </test-method> <!-- testSetAge -->
        <test-method signature="testGetSkill()[pri:0, instance:people.testng.AutomatedEngineerTestNGTest@1a84f40f]" started-at="2025-11-05T19:24:35 CET" name="testGetSkill" finished-at="2025-11-05T19:24:35 CET" duration-ms="0" status="PASS">
          <reporter-output>
          </reporter-output>
        </test-method> <!-- testGetSkill -->
        <test-method is-config="true" signature="setEngineer()[pri:0, instance:people.testng.AutomatedEngineerTestNGTest@1a84f40f]" started-at="2025-11-05T19:24:35 CET" name="setEngineer" finished-at="2025-11-05T19:24:35 CET" duration-ms="0" status="PASS">
          <reporter-output>
          </reporter-output>
        </test-method> <!-- setEngineer -->
        <test-method signature="testSetExperience()[pri:0, instance:people.testng.AutomatedEngineerTestNGTest@1a84f40f]" started-at="2025-11-05T19:24:35 CET" name="testSetExperience" finished-at="2025-11-05T19:24:35 CET" duration-ms="0" status="PASS">
          <reporter-output>
          </reporter-output>
        </test-method> <!-- testSetExperience -->
        <test-method signature="testSetSkill()[pri:0, instance:people.testng.AutomatedEngineerTestNGTest@1a84f40f]" started-at="2025-11-05T19:24:35 CET" name="testSetSkill" finished-at="2025-11-05T19:24:35 CET" duration-ms="0" status="PASS">
          <reporter-output>
          </reporter-output>
        </test-method> <!-- testSetSkill -->
        <test-method is-config="true" signature="setEngineer()[pri:0, instance:people.testng.AutomatedEngineerTestNGTest@1a84f40f]" started-at="2025-11-05T19:24:35 CET" name="setEngineer" finished-at="2025-11-05T19:24:35 CET" duration-ms="0" status="PASS">
          <reporter-output>
          </reporter-output>
        </test-method> <!-- setEngineer -->
        <test-method is-config="true" signature="setEngineer()[pri:0, instance:people.testng.AutomatedEngineerTestNGTest@1a84f40f]" started-at="2025-11-05T19:24:35 CET" name="setEngineer" finished-at="2025-11-05T19:24:35 CET" duration-ms="0" status="PASS">
          <reporter-output>
          </reporter-output>
        </test-method> <!-- setEngineer -->
      </class> <!-- people.testng.AutomatedEngineerTestNGTest -->
    </test> <!-- EngineerTests -->
  </suite> <!-- EngineerTestSuite -->
</testng-results>
