<?xml version="1.0" encoding="UTF-8"?>
<!-- Generated by org.testng.reporters.JUnitReportReporter -->
<testsuite hostname="MacBookAir" failures="0" tests="12" name="people.testng.ParameterizedEngineersTestNG" time="0.012" errors="0" timestamp="2025-11-05T19:24:35 CET" skipped="0">
  <testcase classname="people.testng.ParameterizedEngineersTestNG" name="testExperienceGetter" time="0.001"/>
  <testcase classname="people.testng.ParameterizedEngineersTestNG" name="testExperienceGetter" time="0.001"/>
  <testcase classname="people.testng.ParameterizedEngineersTestNG" name="testAgeGetter" time="0.000"/>
  <testcase classname="people.testng.ParameterizedEngineersTestNG" name="testSkillCalculation" time="0.000"/>
  <testcase classname="people.testng.ParameterizedEngineersTestNG" name="testSetExperience" time="0.000"/>
  <testcase classname="people.testng.ParameterizedEngineersTestNG" name="testSkillCalculation" time="0.000"/>
  <testcase classname="people.testng.ParameterizedEngineersTestNG" name="testSetSkill" time="0.000"/>
  <testcase classname="people.testng.ParameterizedEngineersTestNG" name="testSetAge" time="0.001"/>
  <testcase classname="people.testng.ParameterizedEngineersTestNG" name="testSetAge" time="0.000"/>
  <testcase classname="people.testng.ParameterizedEngineersTestNG" name="testSetExperience" time="0.000"/>
  <testcase classname="people.testng.ParameterizedEngineersTestNG" name="testSetSkill" time="0.000"/>
  <testcase classname="people.testng.ParameterizedEngineersTestNG" name="testAgeGetter" time="0.009"/>
</testsuite> <!-- people.testng.ParameterizedEngineersTestNG -->
