<?xml version="1.0" encoding="UTF-8"?>
<!-- Generated by org.testng.reporters.JUnitReportReporter -->
<testsuite hostname="MacBookAir" failures="0" tests="6" name="people.testng.AutomatedEngineerTestNGTest" time="0.008" errors="0" timestamp="2025-11-05T19:24:35 CET" skipped="0">
  <testcase classname="people.testng.AutomatedEngineerTestNGTest" name="testSetSkill" time="0.006"/>
  <testcase classname="people.testng.AutomatedEngineerTestNGTest" name="testGetSkill" time="0.000"/>
  <testcase classname="people.testng.AutomatedEngineerTestNGTest" name="testGetAge" time="0.002"/>
  <testcase classname="people.testng.AutomatedEngineerTestNGTest" name="testSetExperience" time="0.000"/>
  <testcase classname="people.testng.AutomatedEngineerTestNGTest" name="testGetExperience" time="0.000"/>
  <testcase classname="people.testng.AutomatedEngineerTestNGTest" name="testSetAge" time="0.000"/>
</testsuite> <!-- people.testng.AutomatedEngineerTestNGTest -->
