<?xml version="1.0" encoding="UTF-8"?>
<!-- Generated by org.testng.reporters.JUnitReportReporter -->
<testsuite hostname="MacBookAir" failures="0" tests="6" name="people.testng.ManualEngineerTestNGTest" time="0.002" errors="0" timestamp="2025-11-05T19:24:35 CET" skipped="0">
  <testcase classname="people.testng.ManualEngineerTestNGTest" name="testSetExperience" time="0.000"/>
  <testcase classname="people.testng.ManualEngineerTestNGTest" name="testGetSkill" time="0.000"/>
  <testcase classname="people.testng.ManualEngineerTestNGTest" name="testSetAge" time="0.001"/>
  <testcase classname="people.testng.ManualEngineerTestNGTest" name="testSetSkill" time="0.000"/>
  <testcase classname="people.testng.ManualEngineerTestNGTest" name="testGetAge" time="0.000"/>
  <testcase classname="people.testng.ManualEngineerTestNGTest" name="testGetExperience" time="0.001"/>
</testsuite> <!-- people.testng.ManualEngineerTestNGTest -->
